<?xml version="1.0" encoding="UTF-8"?>
<!-- Generated by org.testng.reporters.JUnitXMLReporter -->
<testsuite hostname="DESKTOP-4U73KN9" ignored="0" name="Verify Bottom Menu" tests="2" failures="2" timestamp="2022-10-11T15:34:56 IST" time="91.332" errors="0">
  <testcase name="AT_App" time="91.313" classname="Runner.BottomMenuVerify">
    <failure type="org.openqa.selenium.NoSuchElementException" message="An element could not be located on the page using the given search parameters.
For documentation on this error, please visit: https://www.seleniumhq.org/exceptions/no_such_element.html
Build info: version: &amp;apos;3.141.59&amp;apos;, revision: &amp;apos;e82be7d358&amp;apos;, time: &amp;apos;2018-11-14T08:17:03&amp;apos;
System info: host: &amp;apos;DESKTOP-4U73KN9&amp;apos;, ip: &amp;apos;192.168.1.9&amp;apos;, os.name: &amp;apos;Windows 10&amp;apos;, os.arch: &amp;apos;amd64&amp;apos;, os.version: &amp;apos;10.0&amp;apos;, java.version: &amp;apos;1.8.0_202&amp;apos;
Driver info: io.appium.java_client.android.AndroidDriver
Capabilities {app: C:\Users\Anish\eclipse-work..., appPackage: in.AajTak.headlines, automationName: uiautomator2, databaseEnabled: false, desired: {app: C:\Users\Anish\eclipse-work..., automationName: uiautomator2, deviceName: 12_Samsung Galaxy J2, platformName: android}, deviceApiLevel: 31, deviceManufacturer: samsung, deviceModel: SM-M127G, deviceName: RZ8R70MQLXV, deviceScreenDensity: 300, deviceScreenSize: 720x1600, deviceUDID: RZ8R70MQLXV, javascriptEnabled: true, locationContextEnabled: false, networkConnectionEnabled: true, pixelRatio: 1.875, platform: LINUX, platformName: Android, platformVersion: 12, statBarHeight: 45, takesScreenshot: true, viewportRect: {height: 1420, left: 0, top: 45, width: 720}, warnings: {}, webStorageEnabled: false}
Session ID: 640439a2-2725-41a0-9384-9a0ce990f6ea
*** Element info: {Using=xpath, value=//android.widget.FrameLayout[@content-desc=&amp;apos;वीडियो&amp;apos;]}">
      <![CDATA[org.openqa.selenium.NoSuchElementException: An element could not be located on the page using the given search parameters.
For documentation on this error, please visit: https://www.seleniumhq.org/exceptions/no_such_element.html
Build info: version: '3.141.59', revision: 'e82be7d358', time: '2018-11-14T08:17:03'
System info: host: 'DESKTOP-4U73KN9', ip: '192.168.1.9', os.name: 'Windows 10', os.arch: 'amd64', os.version: '10.0', java.version: '1.8.0_202'
Driver info: io.appium.java_client.android.AndroidDriver
Capabilities {app: C:\Users\Anish\eclipse-work..., appPackage: in.AajTak.headlines, automationName: uiautomator2, databaseEnabled: false, desired: {app: C:\Users\Anish\eclipse-work..., automationName: uiautomator2, deviceName: 12_Samsung Galaxy J2, platformName: android}, deviceApiLevel: 31, deviceManufacturer: samsung, deviceModel: SM-M127G, deviceName: RZ8R70MQLXV, deviceScreenDensity: 300, deviceScreenSize: 720x1600, deviceUDID: RZ8R70MQLXV, javascriptEnabled: true, locationContextEnabled: false, networkConnectionEnabled: true, pixelRatio: 1.875, platform: LINUX, platformName: Android, platformVersion: 12, statBarHeight: 45, takesScreenshot: true, viewportRect: {height: 1420, left: 0, top: 45, width: 720}, warnings: {}, webStorageEnabled: false}
Session ID: 640439a2-2725-41a0-9384-9a0ce990f6ea
*** Element info: {Using=xpath, value=//android.widget.FrameLayout[@content-desc='वीडियो']}
at org.openqa.selenium.remote.http.W3CHttpResponseCodec.createException(W3CHttpResponseCodec.java:187)
at org.openqa.selenium.remote.http.W3CHttpResponseCodec.decode(W3CHttpResponseCodec.java:122)
at org.openqa.selenium.remote.http.W3CHttpResponseCodec.decode(W3CHttpResponseCodec.java:49)
at org.openqa.selenium.remote.HttpCommandExecutor.execute(HttpCommandExecutor.java:158)
at io.appium.java_client.remote.AppiumCommandExecutor.execute(AppiumCommandExecutor.java:239)
at org.openqa.selenium.remote.RemoteWebDriver.execute(RemoteWebDriver.java:552)
at io.appium.java_client.DefaultGenericMobileDriver.execute(DefaultGenericMobileDriver.java:42)
at io.appium.java_client.AppiumDriver.execute(AppiumDriver.java:1)
at io.appium.java_client.android.AndroidDriver.execute(AndroidDriver.java:1)
at org.openqa.selenium.remote.RemoteWebDriver.findElement(RemoteWebDriver.java:323)
at io.appium.java_client.DefaultGenericMobileDriver.findElement(DefaultGenericMobileDriver.java:62)
at io.appium.java_client.AppiumDriver.findElement(AppiumDriver.java:1)
at io.appium.java_client.android.AndroidDriver.findElement(AndroidDriver.java:1)
at org.openqa.selenium.remote.RemoteWebDriver.findElementByXPath(RemoteWebDriver.java:428)
at io.appium.java_client.DefaultGenericMobileDriver.findElementByXPath(DefaultGenericMobileDriver.java:152)
at io.appium.java_client.AppiumDriver.findElementByXPath(AppiumDriver.java:1)
at io.appium.java_client.android.AndroidDriver.findElementByXPath(AndroidDriver.java:1)
at org.openqa.selenium.By$ByXPath.findElement(By.java:353)
at org.openqa.selenium.remote.RemoteWebDriver.findElement(RemoteWebDriver.java:315)
at io.appium.java_client.DefaultGenericMobileDriver.findElement(DefaultGenericMobileDriver.java:58)
at io.appium.java_client.AppiumDriver.findElement(AppiumDriver.java:1)
at io.appium.java_client.android.AndroidDriver.findElement(AndroidDriver.java:1)
at aajTak.BottomMenu.bottomMenuVerify(BottomMenu.java:60)
at Runner.BottomMenuVerify.AT_App(BottomMenuVerify.java:24)
at java.util.ArrayList.forEach(ArrayList.java:1257)
... Removed 31 stack frames]]>
    </failure>
  </testcase> <!-- AT_App -->
  <testcase name="AT_App" time="91.324" classname="Runner.BottomMenuVerify">
    <failure type="java.lang.NullPointerException">
      <![CDATA[java.lang.NullPointerException
at org.aajTak.utils.AndroidActions.getScreenShotPath(AndroidActions.java:54)
at org.aajTak.utils.Listeners.onTestFailure(Listeners.java:47)
at java.util.ArrayList.forEach(ArrayList.java:1257)
... Removed 24 stack frames]]>
    </failure>
  </testcase> <!-- AT_App -->
</testsuite> <!-- Verify Bottom Menu -->
