<?xml version="1.0" encoding="UTF-8"?>
<!-- Generated by org.testng.reporters.JUnitXMLReporter -->
<testsuite hostname="DESKTOP-4U73KN9" ignored="0" name="Verify Login" tests="1" failures="1" timestamp="2022-10-10T19:27:59 IST" time="37.517" errors="0">
  <testcase name="AT_App" time="37.507" classname="Runner.loginVerify">
    <failure type="java.lang.NullPointerException">
      <![CDATA[java.lang.NullPointerException
at aajTak.loginTest.login(loginTest.java:51)
at Runner.loginVerify.AT_App(loginVerify.java:27)
at java.util.ArrayList.forEach(ArrayList.java:1257)
... Removed 27 stack frames]]>
    </failure>
  </testcase> <!-- AT_App -->
</testsuite> <!-- Verify Login -->
